<?xml version="1.0" encoding="UTF-8"?>
<!-- Generated by org.testng.reporters.JUnitXMLReporter -->
<testsuite ignored="0" hostname="DESKTOP-TIA0QUJ" failures="1" tests="3" name="Error Validations test" time="14.054" errors="0" timestamp="2024-01-15T09:38:48 IST">
  <testcase classname="Selenium_Project_01_test.SeleniuM_Framewor.Error_validationtest" name="loginerrortest" time="0.432">
    <skipped/>
  </testcase> <!-- loginerrortest -->
  <testcase classname="Selenium_Project_01_test.SeleniuM_Framewor.Error_validationtest" name="loginerrortest" time="0.438">
    <failure type="java.lang.AssertionError" message="expected [true] but found [false]">
      <![CDATA[java.lang.AssertionError: expected [true] but found [false]
at Selenium_Project_01_test.SeleniuM_Framewor.Error_validationtest.loginerrortest(Error_validationtest.java:26)
at java.base/java.util.ArrayList.forEach(ArrayList.java:1511)
... Removed 31 stack frames]]>
    </failure>
  </testcase> <!-- loginerrortest -->
  <testcase classname="Selenium_Project_01_test.SeleniuM_Framewor.Error_validationtest" name="producterrortest" time="8.067"/>
</testsuite> <!-- Error Validations test -->
