<?xml version="1.0" encoding="UTF-8"?>
<!-- Generated by org.testng.reporters.JUnitXMLReporter -->
<testsuite ignored="0" hostname="DESKTOP-TIA0QUJ" failures="1" tests="3" name="Submit order Test" time="31.028" errors="0" timestamp="2024-01-15T09:38:34 IST">
  <testcase classname="Selenium_Project_01_test.SeleniuM_Framewor.Order_submit_test" name="ordersubmittest" time="9.025"/>
  <testcase classname="Selenium_Project_01_test.SeleniuM_Framewor.Order_submit_test" name="ordersubmittest" time="8.906"/>
  <testcase classname="Selenium_Project_01_test.SeleniuM_Framewor.Order_submit_test" name="orderhistorytest" time="0.784">
    <failure type="java.lang.AssertionError" message="expected [true] but found [false]">
      <![CDATA[java.lang.AssertionError: expected [true] but found [false]
at Selenium_Project_01_test.SeleniuM_Framewor.Order_submit_test.orderhistorytest(Order_submit_test.java:62)
at java.base/java.util.ArrayList.forEach(ArrayList.java:1511)
... Removed 31 stack frames]]>
    </failure>
  </testcase> <!-- orderhistorytest -->
</testsuite> <!-- Submit order Test -->
