<!DOCTYPE html PUBLIC "-//W3C//DTD XHTML 1.1//EN" "https://www.w3.org/TR/xhtml11/DTD/xhtml11.dtd">
<html xmlns="https://www.w3.org/1999/xhtml">
<head>
<meta http-equiv="content-type" content="text/html; charset=UTF-8"/>
<title>TestNG Report</title>
<style type="text/css">table {margin-bottom:10px;border-collapse:collapse;empty-cells:show}th,td {border:1px solid #009;padding:.25em .5em}th {vertical-align:bottom}td {vertical-align:top}table a {font-weight:bold}.stripe td {background-color: #E6EBF9}.num {text-align:right}.passedodd td {background-color: #3F3}.passedeven td {background-color: #0A0}.skippedodd td {background-color: #DDD}.skippedeven td {background-color: #CCC}.failedodd td,.attn {background-color: #F33}.failedeven td,.stripe .attn {background-color: #D00}.stacktrace {white-space:pre;font-family:monospace}.totop {font-size:85%;text-align:center;border-bottom:2px solid #000}.invisible {display:none}</style>
</head>
<body>
<table>
<tr><th>Test</th><th># Passed</th><th># Skipped</th><th># Retried</th><th># Failed</th><th>Time (ms)</th><th>Included Groups</th><th>Excluded Groups</th></tr>
<tr><th colspan="8">Suite</th></tr>
<tr><td><a href="#t0">Submit order Test</a></td><td class="num">2</td><td class="num">0</td><td class="num">0</td><td class="num attn">1</td><td class="num">26,056</td><td></td><td></td></tr>
<tr class="stripe"><td><a href="#t1">Error Validations test</a></td><td class="num">1</td><td class="num">0</td><td class="num attn">1</td><td class="num attn">1</td><td class="num">19,219</td><td></td><td></td></tr>
<tr><th>Total</th><th class="num">3</th><th class="num">0</th><th class="num attn">1</th><th class="num attn">2</th><th class="num">45,275</th><th colspan="2"></th></tr>
</table>
<table id='summary'><thead><tr><th>Class</th><th>Method</th><th>Start</th><th>Time (ms)</th></tr></thead><tbody><tr><th colspan="4">Suite</th></tr></tbody><tbody id="t0"><tr><th colspan="4">Submit order Test &#8212; failed</th></tr><tr class="failedeven"><td rowspan="1">Selenium_Project_01_test.SeleniuM_Framewor.Order_submit_test</td><td><a href="#m0">orderhistorytest</a></td><td rowspan="1">1705311561853</td><td rowspan="1">849</td></tr><tr><th colspan="4">Submit order Test &#8212; passed</th></tr><tr class="passedeven"><td rowspan="2">Selenium_Project_01_test.SeleniuM_Framewor.Order_submit_test</td><td><a href="#m1">ordersubmittest</a></td><td rowspan="2">1705311551203</td><td rowspan="2">8972</td></tr><tr class="passedeven"><td><a href="#m2">ordersubmittest</a></td></tr></tbody>
<tbody id="t1"><tr><th colspan="4">Error Validations test &#8212; failed</th></tr><tr class="failedeven"><td rowspan="1">Selenium_Project_01_test.SeleniuM_Framewor.Error_validationtest</td><td><a href="#m3">loginerrortest</a></td><td rowspan="1">1705311569084</td><td rowspan="1">1138</td></tr><tr><th colspan="4">Error Validations test &#8212; retried</th></tr><tr class="retriedeven"><td rowspan="1">Selenium_Project_01_test.SeleniuM_Framewor.Error_validationtest</td><td><a href="#m4">loginerrortest</a></td><td rowspan="1">1705311565076</td><td rowspan="1">565</td></tr><tr><th colspan="4">Error Validations test &#8212; passed</th></tr><tr class="passedeven"><td rowspan="1">Selenium_Project_01_test.SeleniuM_Framewor.Error_validationtest</td><td><a href="#m5">producterrortest</a></td><td rowspan="1">1705311574481</td><td rowspan="1">8064</td></tr></tbody>
</table>
<h2>Submit order Test</h2><h3 id="m0">Selenium_Project_01_test.SeleniuM_Framewor.Order_submit_test#orderhistorytest</h3><table class="result"><tr><th>Exception</th></tr><tr><td><div class="stacktrace">java.lang.AssertionError: expected [true] but found [false]
	at Selenium_Project_01_test.SeleniuM_Framewor.Order_submit_test.orderhistorytest(Order_submit_test.java:66)
	at java.base/java.util.ArrayList.forEach(ArrayList.java:1596)
... Removed 33 stack frames</div></td></tr></table><p class="totop"><a href="#summary">back to summary</a></p>
<h3 id="m1">Selenium_Project_01_test.SeleniuM_Framewor.Order_submit_test#ordersubmittest</h3><table class="result"><tr class="param"><th>Parameter #1</th><th>Parameter #2</th><th>Parameter #3</th></tr><tr class="param stripe"><td>jadhavgovind8140@gmail.com</td><td>Balasaheb@1</td><td>ZARA COAT 3</td></tr></table><p class="totop"><a href="#summary">back to summary</a></p>
<h3 id="m2">Selenium_Project_01_test.SeleniuM_Framewor.Order_submit_test#ordersubmittest</h3><table class="result"><tr class="param"><th>Parameter #1</th><th>Parameter #2</th><th>Parameter #3</th></tr><tr class="param stripe"><td>govind1234@gmail.com</td><td>Automation@1</td><td>ADIDAS ORIGINAL</td></tr></table><p class="totop"><a href="#summary">back to summary</a></p>
<h2>Error Validations test</h2><h3 id="m3">Selenium_Project_01_test.SeleniuM_Framewor.Error_validationtest#loginerrortest</h3><table class="result"><tr><th>Exception</th></tr><tr><td><div class="stacktrace">java.lang.AssertionError: expected [true] but found [false]
	at Selenium_Project_01_test.SeleniuM_Framewor.Error_validationtest.loginerrortest(Error_validationtest.java:26)
	at java.base/java.util.ArrayList.forEach(ArrayList.java:1596)
... Removed 33 stack frames</div></td></tr></table><p class="totop"><a href="#summary">back to summary</a></p>
<h3 id="m4">Selenium_Project_01_test.SeleniuM_Framewor.Error_validationtest#loginerrortest</h3><table class="result"><tr><th>Exception</th></tr><tr><td><div class="stacktrace">java.lang.AssertionError: expected [true] but found [false]
	at Selenium_Project_01_test.SeleniuM_Framewor.Error_validationtest.loginerrortest(Error_validationtest.java:26)
	at java.base/java.util.ArrayList.forEach(ArrayList.java:1596)
... Removed 33 stack frames</div></td></tr></table><p class="totop"><a href="#summary">back to summary</a></p>
<h3 id="m5">Selenium_Project_01_test.SeleniuM_Framewor.Error_validationtest#producterrortest</h3><table class="result"><tr><th class="invisible"/></tr></table><p class="totop"><a href="#summary">back to summary</a></p>
</body>
</html>
